{
  "RSpec": {
    "coverage": {
      "/Users/hread/Dropbox/Launch Academy/doors_at_eight/app/models/user.rb": [
        1,
        null,
        null,
        1,
        null,
        null
      ],
      "/Users/hread/Dropbox/Launch Academy/doors_at_eight/app/helpers/application_helper.rb": [
        1,
        null
      ],
      "/Users/hread/Dropbox/Launch Academy/doors_at_eight/app/controllers/application_controller.rb": [
        1,
        null,
        null,
        1,
        null
      ],
      "/Users/hread/Dropbox/Launch Academy/doors_at_eight/app/controllers/users_controller.rb": [
        1,
        1,
        null,
        1,
        4,
        null,
        null
      ],
      "/Users/hread/Dropbox/Launch Academy/doors_at_eight/app/models/venue.rb": [
        1,
        null
      ],
      "/Users/hread/Dropbox/Launch Academy/doors_at_eight/app/controllers/venues_controller.rb": [
        1,
        1,
        2,
        null,
        null,
        1,
        2,
        null,
        null
      ]
    },
    "timestamp": 1467832211
  }
}
